Arguments: 
  /Users/thomasvance/.nodenv/versions/17.0.0/bin/node /usr/local/bin/yarn add @remix-run/eslint-config

PATH: 
  /Users/thomasvance/.nodenv/versions/17.0.0/bin:/opt/homebrew/Cellar/nodenv/1.4.0/libexec:/Users/thomasvance/.nodenv/shims:/opt/homebrew/bin:/opt/homebrew/sbin:/opt/homebrew/Caskroom/google-cloud-sdk/latest/google-cloud-sdk/bin:/usr/local/bin:/usr/bin:/bin:/usr/sbin:/sbin:/usr/local/go/bin:/Library/Apple/usr/bin:/Users/thomasvance/.cargo/bin:/Users/thomasvance/.fig/bin

Yarn version: 
  1.22.10

Node version: 
  17.0.0

Platform: 
  darwin arm64

Trace: 
  Error: https://npm.remix.run/@remix-run%2feslint-config: npm package "eslint-config" does not exist under owner "remix-run"
      at Request.params.callback [as _callback] (/usr/local/lib/node_modules/yarn/lib/cli.js:66988:18)
      at Request.self.callback (/usr/local/lib/node_modules/yarn/lib/cli.js:140662:22)
      at Request.emit (node:events:390:28)
      at Request.<anonymous> (/usr/local/lib/node_modules/yarn/lib/cli.js:141634:10)
      at Request.emit (node:events:390:28)
      at IncomingMessage.<anonymous> (/usr/local/lib/node_modules/yarn/lib/cli.js:141556:12)
      at Object.onceWrapper (node:events:509:28)
      at IncomingMessage.emit (node:events:402:35)
      at endReadableNT (node:internal/streams/readable:1340:12)
      at processTicksAndRejections (node:internal/process/task_queues:83:21)

npm manifest: 
  {
    "name": "remix-app-template",
    "private": true,
    "description": "",
    "license": "",
    "sideEffects": false,
    "scripts": {
      "build": "cross-env NODE_ENV=production remix build",
      "dev": "cross-env NODE_ENV=development remix build && run-p dev:*",
      "dev:node": "cross-env NODE_ENV=development nodemon ./build/index.js --watch ./build/index.js",
      "dev:remix": "cross-env NODE_ENV=development remix watch",
      "postinstall": "remix setup node",
      "start": "cross-env NODE_ENV=production node ./build/index.js"
    },
    "dependencies": {
      "@remix-run/express": "^1.2.3",
      "@remix-run/react": "^1.2.3",
      "compression": "^1.7.4",
      "cross-env": "^7.0.3",
      "express": "^4.17.1",
      "morgan": "^1.10.0",
      "npm-run-all": "^4.1.5",
      "react": "^17.0.2",
      "react-dom": "^17.0.2",
      "remix": "^1.2.3"
    },
    "devDependencies": {
      "@remix-run/dev": "^1.2.3",
      "@remix-run/eslint-config": "^1.2.3",
      "@types/react": "^17.0.24",
      "@types/react-dom": "^17.0.9",
      "eslint": "^8.9.0",
      "nodemon": "^2.0.15",
      "typescript": "^4.5.5"
    },
    "engines": {
      "node": ">=14"
    }
  }

yarn manifest: 
  No manifest

Lockfile: 
  No lockfile
